f:\programming\projects\simpleraytracing\simpleraytracing\simpleraytracing\x64\debug\vc143.pdb
f:\programming\projects\simpleraytracing\simpleraytracing\simpleraytracing\x64\debug\vc143.idb
f:\programming\projects\simpleraytracing\simpleraytracing\simpleraytracing\x64\debug\vec3.obj
f:\programming\projects\simpleraytracing\simpleraytracing\simpleraytracing\x64\debug\transform.obj
f:\programming\projects\simpleraytracing\simpleraytracing\simpleraytracing\x64\debug\ray.obj
f:\programming\projects\simpleraytracing\simpleraytracing\simpleraytracing\x64\debug\matrix4.obj
f:\programming\projects\simpleraytracing\simpleraytracing\simpleraytracing\x64\debug\camera.obj
f:\programming\projects\simpleraytracing\simpleraytracing\simpleraytracing\x64\debug\smoothtriangle.obj
f:\programming\projects\simpleraytracing\simpleraytracing\simpleraytracing\x64\debug\rectangle.obj
f:\programming\projects\simpleraytracing\simpleraytracing\simpleraytracing\x64\debug\plane.obj
f:\programming\projects\simpleraytracing\simpleraytracing\simpleraytracing\x64\debug\grid.obj
f:\programming\projects\simpleraytracing\simpleraytracing\simpleraytracing\x64\debug\vec2.obj
f:\programming\projects\simpleraytracing\simpleraytracing\simpleraytracing\x64\debug\matte.obj
f:\programming\projects\simpleraytracing\simpleraytracing\simpleraytracing\x64\debug\emissive.obj
f:\programming\projects\simpleraytracing\simpleraytracing\simpleraytracing\x64\debug\disney.obj
f:\programming\projects\simpleraytracing\simpleraytracing\simpleraytracing\x64\debug\pointlight.obj
f:\programming\projects\simpleraytracing\simpleraytracing\simpleraytracing\x64\debug\arealight.obj
f:\programming\projects\simpleraytracing\simpleraytracing\simpleraytracing\x64\debug\ambientlight.obj
f:\programming\projects\simpleraytracing\simpleraytracing\simpleraytracing\x64\debug\sampler.obj
f:\programming\projects\simpleraytracing\simpleraytracing\simpleraytracing\x64\debug\raytracer.obj
f:\programming\projects\simpleraytracing\simpleraytracing\simpleraytracing\x64\debug\environmenttracer.obj
f:\programming\projects\simpleraytracing\simpleraytracing\simpleraytracing\x64\debug\mesh.obj
f:\programming\projects\simpleraytracing\simpleraytracing\simpleraytracing\x64\debug\simpleraytracing.obj
f:\programming\projects\simpleraytracing\simpleraytracing\simpleraytracing\x64\debug\pngwriter.obj
f:\programming\projects\simpleraytracing\simpleraytracing\simpleraytracing\x64\debug\triangle.obj
f:\programming\projects\simpleraytracing\simpleraytracing\simpleraytracing\x64\debug\sphere.obj
f:\programming\projects\simpleraytracing\simpleraytracing\simpleraytracing\x64\debug\object.obj
f:\programming\projects\simpleraytracing\simpleraytracing\simpleraytracing\x64\debug\instance.obj
f:\programming\projects\simpleraytracing\simpleraytracing\simpleraytracing\x64\debug\composite.obj
f:\programming\projects\simpleraytracing\simpleraytracing\simpleraytracing\x64\debug\box.obj
f:\programming\projects\simpleraytracing\simpleraytracing\simpleraytracing\x64\debug\world.obj
f:\programming\projects\simpleraytracing\simpleraytracing\simpleraytracing\x64\debug\objhandler.obj
f:\programming\projects\simpleraytracing\simpleraytracing\simpleraytracing\x64\debug\worldsettings.obj
f:\programming\projects\simpleraytracing\simpleraytracing\x64\debug\simpleraytracing.exe
f:\programming\projects\simpleraytracing\simpleraytracing\x64\debug\simpleraytracing.pdb
f:\programming\projects\simpleraytracing\simpleraytracing\simpleraytracing\x64\debug\simpleraytracing.ilk
f:\programming\projects\simpleraytracing\simpleraytracing\simpleraytracing\x64\debug\disneybrdf.obj
f:\programming\projects\simpleraytracing\simpleraytracing\simpleraytracing\x64\debug\glossy.obj
f:\programming\projects\simpleraytracing\simpleraytracing\simpleraytracing\x64\debug\specular.obj
f:\programming\projects\simpleraytracing\simpleraytracing\simpleraytracing\x64\debug\world.new.obj.enc
f:\programming\projects\simpleraytracing\simpleraytracing\simpleraytracing\x64\debug\simpleraytracing.tlog\cl.command.1.tlog
f:\programming\projects\simpleraytracing\simpleraytracing\simpleraytracing\x64\debug\simpleraytracing.tlog\cl.items.tlog
f:\programming\projects\simpleraytracing\simpleraytracing\simpleraytracing\x64\debug\simpleraytracing.tlog\cl.read.1.tlog
f:\programming\projects\simpleraytracing\simpleraytracing\simpleraytracing\x64\debug\simpleraytracing.tlog\cl.write.1.tlog
f:\programming\projects\simpleraytracing\simpleraytracing\simpleraytracing\x64\debug\simpleraytracing.tlog\link.command.1.tlog
f:\programming\projects\simpleraytracing\simpleraytracing\simpleraytracing\x64\debug\simpleraytracing.tlog\link.read.1.tlog
f:\programming\projects\simpleraytracing\simpleraytracing\simpleraytracing\x64\debug\simpleraytracing.tlog\link.secondary.1.tlog
f:\programming\projects\simpleraytracing\simpleraytracing\simpleraytracing\x64\debug\simpleraytracing.tlog\link.write.1.tlog
